[2019-03-27 23:48:39] main_log.INFO: [REGISTER.php] Email 'fred@mail.com' has not been taken yet! [] []
[2019-03-27 23:48:40] main_log.INFO: [REGISTER.php] Email 'fred@mail.com' has been registered and inserted into the database! [] []
[2019-03-28 15:11:01] main_log.INFO: Login Attempt [] []
[2019-03-28 15:11:01] main_log.INFO: User with email 'tylerbeland@gmail.com' as attempting to login. [] []
[2019-03-28 15:12:50] main_log.INFO: Login Attempt [] []
[2019-03-28 15:12:50] main_log.INFO: User with email 'tylerbeland@gmail.com' as attempting to login. [] []
[2019-03-28 16:10:22] main_log.INFO: [REGISTER.php] Email 'tylerbeland@gmail.com' has not been taken yet! [] []
[2019-03-28 16:10:23] main_log.INFO: [REGISTER.php] Email 'tylerbeland@gmail.com' has been registered and inserted into the database! [] []
[2019-03-28 16:11:14] main_log.INFO: Login Attempt [] []
[2019-03-28 16:11:14] main_log.INFO: User with email 'tylerbeland@gmail.com' as attempting to login. [] []
[2019-03-28 16:27:50] main_log.INFO: Login Attempt [] []
[2019-03-28 16:27:50] main_log.INFO: User with email 'tylerbeland@gmail.com' as attempting to login. [] []
[2019-03-28 19:30:32] main_log.INFO: Login Attempt [] []
[2019-03-28 19:30:32] main_log.INFO: User with email 'tylerbeland@gmail.com' as attempting to login. [] []
[2019-03-28 22:43:38] main_log.INFO: Login Attempt [] []
[2019-03-28 22:43:38] main_log.INFO: User with email 'tylerbeland@gmail.com' as attempting to login. [] []
[2019-03-28 22:43:46] main_log.INFO: Login Attempt [] []
[2019-03-28 22:43:46] main_log.INFO: User with email 'tylerbeland@gmail.com' as attempting to login. [] []
[2019-03-28 22:59:16] main_log.INFO: Login Attempt [] []
[2019-03-28 22:59:16] main_log.INFO: User with email 'tylerbeland@gmail.com' as attempting to login. [] []
[2019-03-28 23:23:09] main_log.INFO: Login Attempt [] []
[2019-03-28 23:23:09] main_log.INFO: User with email 'tylerbeland@gmail.com' as attempting to login. [] []
[2019-03-29 01:48:38] main_log.INFO: [REGISTER.php] Email 'John@john.com' has not been taken yet! [] []
[2019-03-29 01:48:38] main_log.INFO: [REGISTER.php] Email 'John@john.com' has been registered and inserted into the database! [] []
[2019-03-29 01:53:40] main_log.INFO: Login Attempt [] []
[2019-03-29 01:53:40] main_log.INFO: User with email 'tylerbeland@gmail.com' as attempting to login. [] [][2019-03-29 19:51:17] main_log.INFO: Login Attempt [] []
[2019-03-29 19:51:17] main_log.INFO: User with email 'fred@mail.com' as attempting to login. [] []
[2019-03-29 19:51:54] main_log.INFO: Login Attempt [] []
[2019-03-29 19:51:54] main_log.INFO: User with email 'fred@mail.com' as attempting to login. [] []
[2019-03-30 21:58:24] main_log.INFO: Login Attempt [] []
[2019-03-30 21:58:24] main_log.INFO: User with email 'fred@mail.com' as attempting to login. [] []
[2019-03-30 22:01:34] main_log.INFO: Login Attempt [] []
[2019-03-30 22:01:34] main_log.INFO: User with email 'fred@mail.com' as attempting to login. [] []
[2019-03-30 22:01:35] main_log.INFO: Login Attempt [] []
[2019-03-30 22:01:35] main_log.INFO: User with email 'fred@mail.com' as attempting to login. [] []
[2019-03-30 22:03:11] main_log.INFO: [REGISTER.php] Email 'frank@gmail.com' has not been taken yet! [] []
[2019-03-30 22:03:11] main_log.INFO: [REGISTER.php] Email 'frank@gmail.com' has been registered and inserted into the database! [] []
[2019-03-30 22:06:00] main_log.INFO: Login Attempt [] []
[2019-03-30 22:06:00] main_log.INFO: User with email 'supermario@gmail.com' as attempting to login. [] []
[2019-03-30 23:29:16] main_log.INFO: Login Attempt [] []
[2019-03-30 23:29:16] main_log.INFO: User with email 'supermario@gmail.com' as attempting to login. [] []
[2019-03-30 23:29:54] main_log.INFO: Login Attempt [] []
[2019-03-30 23:29:54] main_log.INFO: User with email 'fred@mail.com' as attempting to login. [] []
[2019-04-01 10:13:45] main_log.INFO: Login Attempt [] []
[2019-04-01 10:13:45] main_log.INFO: User with email 'dave@gmail.com' as attempting to login. [] []
[2019-04-01 10:14:15] main_log.INFO: Login Attempt [] []
[2019-04-01 10:14:15] main_log.INFO: User with email 'dave@gmail.com' as attempting to login. [] []
[2019-04-01 10:14:34] main_log.INFO: Login Attempt [] []
[2019-04-01 10:14:34] main_log.INFO: User with email '123@gmail.com' as attempting to login. [] []
[2019-04-01 21:07:21] main_log.INFO: Login Attempt [] []
[2019-04-01 21:07:21] main_log.INFO: No user has been found [] []
[2019-04-01 21:07:29] main_log.INFO: Login Attempt [] []
[2019-04-01 21:07:29] main_log.INFO: No user has been found [] []
[2019-04-01 21:07:36] main_log.INFO: Login Attempt [] []
[2019-04-01 21:07:36] main_log.INFO: User with email 'dave@gmail.com' as attempting to login. [] []
[2019-04-02 00:25:20] main_log.INFO: [REGISTER.php] Email 'dave@gmail.com' has not been taken yet! [] []
[2019-04-02 00:25:34] main_log.INFO: [REGISTER.php] Email 'dave@gmail.com' has not been taken yet! [] []
[2019-04-02 00:25:34] main_log.INFO: [REGISTER.php] Email 'dave@gmail.com' has been registered and inserted into the database! [] []
[2019-04-02 01:33:47] main_log.INFO: [REGISTER.php] Email 'dave@gmail.com' has not been taken yet! [] []
[2019-04-02 01:34:09] main_log.INFO: [REGISTER.php] Email 'dave@gmail.com' has not been taken yet! [] []
[2019-04-02 01:34:09] main_log.INFO: [REGISTER.php] Email 'dave@gmail.com' has been registered and inserted into the database! [] []
[2019-04-02 08:24:19] main_log.INFO: [REGISTER.php] Email 'atreyavijit@gmail.com' has not been taken yet! [] []
[2019-04-02 08:24:19] main_log.INFO: [REGISTER.php] Email 'atreyavijit@gmail.com' has been registered and inserted into the database! [] []
[2019-04-02 08:26:11] main_log.INFO: Login Attempt [] []
[2019-04-02 08:26:11] main_log.INFO: User with email 'atreyavijit@gmail.com' as attempting to login. [] []
[2019-04-02 08:34:57] main_log.INFO: [REGISTER.php] Email 'atreyavijit1@gmail.com' has not been taken yet! [] []
[2019-04-02 08:34:57] main_log.INFO: [REGISTER.php] Email 'atreyavijit1@gmail.com' has been registered and inserted into the database! [] []
